

============================== 2022-05-03 09:24:07.922468 | d2821011-58a9-4579-819d-cfdb8bee59f3 ==============================
09:24:07.922468 [info ] [MainThread]: Running with dbt=1.0.6
09:24:07.924729 [debug] [MainThread]: running dbt with arguments Namespace(record_timing_info=None, debug=None, log_format=None, write_json=None, use_colors=None, printer_width=None, warn_error=None, version_check=None, partial_parse=None, single_threaded=False, use_experimental_parser=None, static_parser=None, profiles_dir='C:\\Users\\Illakkiya.I\\.dbt', send_anonymous_usage_stats=None, fail_fast=None, event_buffer_size=None, project_dir=None, profile=None, target=None, vars='{}', log_cache_events=False, project_name=None, skip_profile_setup=False, defer=None, state=None, cls=<class 'dbt.task.init.InitTask'>, which='init', rpc_method=None)
09:24:07.925994 [debug] [MainThread]: Tracking: tracking
09:24:07.985882 [debug] [MainThread]: Sending event: {'category': 'dbt', 'action': 'invocation', 'label': 'start', 'context': [<snowplow_tracker.self_describing_json.SelfDescribingJson object at 0x0000015C17EA39A0>, <snowplow_tracker.self_describing_json.SelfDescribingJson object at 0x0000015C17EA20E0>, <snowplow_tracker.self_describing_json.SelfDescribingJson object at 0x0000015C17EA2200>]}
09:35:59.159333 [debug] [MainThread]: Starter project path: C:\Python310\lib\site-packages\dbt\include\starter_project
09:37:46.897573 [info ] [MainThread]: Profile dbt_tutorial written to C:\Users\Illakkiya.I\.dbt\profiles.yml using target's profile_template.yml and your supplied values. Run 'dbt debug' to validate the connection.
09:37:46.899393 [info ] [MainThread]: 
Your new dbt project "dbt_tutorial" was created!

For more information on how to configure the profiles.yml file,
please consult the dbt documentation here:

  https://docs.getdbt.com/docs/configure-your-profile

One more thing:

Need help? Don't hesitate to reach out to us via GitHub issues or on Slack:

  https://community.getdbt.com/

Happy modeling!

09:37:46.902129 [debug] [MainThread]: Sending event: {'category': 'dbt', 'action': 'invocation', 'label': 'end', 'context': [<snowplow_tracker.self_describing_json.SelfDescribingJson object at 0x0000015C19A4B2B0>, <snowplow_tracker.self_describing_json.SelfDescribingJson object at 0x0000015C19A4B460>, <snowplow_tracker.self_describing_json.SelfDescribingJson object at 0x0000015C19A4BAF0>]}


============================== 2022-05-03 12:22:05.488243 | bafe4c5f-0817-4bad-b05e-63ee477c48f7 ==============================
12:22:05.488243 [info ] [MainThread]: Running with dbt=1.0.6
12:22:05.490243 [debug] [MainThread]: running dbt with arguments Namespace(record_timing_info=None, debug=None, log_format=None, write_json=None, use_colors=None, printer_width=None, warn_error=None, version_check=None, partial_parse=None, single_threaded=False, use_experimental_parser=None, static_parser=None, profiles_dir='C:\\Users\\Illakkiya.I\\.dbt', send_anonymous_usage_stats=None, fail_fast=None, event_buffer_size=None, project_dir=None, profile=None, target=None, vars='{}', log_cache_events=False, config_dir=False, defer=None, state=None, cls=<class 'dbt.task.debug.DebugTask'>, which='debug', rpc_method=None)
12:22:05.491243 [debug] [MainThread]: Tracking: tracking
12:22:05.544243 [debug] [MainThread]: Sending event: {'category': 'dbt', 'action': 'invocation', 'label': 'start', 'context': [<snowplow_tracker.self_describing_json.SelfDescribingJson object at 0x000001D1635B3C70>, <snowplow_tracker.self_describing_json.SelfDescribingJson object at 0x000001D1635B26B0>, <snowplow_tracker.self_describing_json.SelfDescribingJson object at 0x000001D1635B36A0>]}
12:22:06.664243 [debug] [MainThread]: Executing "git --help"
12:22:06.745344 [debug] [MainThread]: STDOUT: "b"usage: git [--version] [--help] [-C <path>] [-c <name>=<value>]\n           [--exec-path[=<path>]] [--html-path] [--man-path] [--info-path]\n           [-p | --paginate | -P | --no-pager] [--no-replace-objects] [--bare]\n           [--git-dir=<path>] [--work-tree=<path>] [--namespace=<name>]\n           [--super-prefix=<path>] [--config-env=<name>=<envvar>]\n           <command> [<args>]\n\nThese are common Git commands used in various situations:\n\nstart a working area (see also: git help tutorial)\n   clone             Clone a repository into a new directory\n   init              Create an empty Git repository or reinitialize an existing one\n\nwork on the current change (see also: git help everyday)\n   add               Add file contents to the index\n   mv                Move or rename a file, a directory, or a symlink\n   restore           Restore working tree files\n   rm                Remove files from the working tree and from the index\n   sparse-checkout   Initialize and modify the sparse-checkout\n\nexamine the history and state (see also: git help revisions)\n   bisect            Use binary search to find the commit that introduced a bug\n   diff              Show changes between commits, commit and working tree, etc\n   grep              Print lines matching a pattern\n   log               Show commit logs\n   show              Show various types of objects\n   status            Show the working tree status\n\ngrow, mark and tweak your common history\n   branch            List, create, or delete branches\n   commit            Record changes to the repository\n   merge             Join two or more development histories together\n   rebase            Reapply commits on top of another base tip\n   reset             Reset current HEAD to the specified state\n   switch            Switch branches\n   tag               Create, list, delete or verify a tag object signed with GPG\n\ncollaborate (see also: git help workflows)\n   fetch             Download objects and refs from another repository\n   pull              Fetch from and integrate with another repository or a local branch\n   push              Update remote refs along with associated objects\n\n'git help -a' and 'git help -g' list available subcommands and some\nconcept guides. See 'git help <command>' or 'git help <concept>'\nto read about a specific subcommand or concept.\nSee 'git help git' for an overview of the system.\n""
12:22:06.745344 [debug] [MainThread]: STDERR: "b''"
12:22:06.748243 [debug] [MainThread]: Sending event: {'category': 'dbt', 'action': 'invocation', 'label': 'end', 'context': [<snowplow_tracker.self_describing_json.SelfDescribingJson object at 0x000001D16514DE10>, <snowplow_tracker.self_describing_json.SelfDescribingJson object at 0x000001D16514D8D0>, <snowplow_tracker.self_describing_json.SelfDescribingJson object at 0x000001D16514D990>]}
